{"timestamp":"2025-04-06T20:34:06.559Z","level":"info","message":"Loaded vector documents","details":{}}
{"timestamp":"2025-04-06T20:34:06.560Z","level":"info","message":"Loaded corpus statistics","details":{"termsCount":0,"documentCount":0}}
{"timestamp":"2025-04-06T20:34:06.560Z","level":"info","message":"Hybrid search system initialized","details":{"documentCount":0}}
{"timestamp":"2025-04-06T20:36:08.084Z","level":"info","message":"Loaded corpus statistics","details":{"termsCount":0,"documentCount":0}}
{"timestamp":"2025-04-06T20:36:08.084Z","level":"info","message":"Hybrid search system initialized","details":{"documentCount":0,"vectorDocumentsCount":0}}
{"timestamp":"2025-04-06T21:26:02.909Z","level":"info","message":"Loaded vector documents","details":{"count":3}}
{"timestamp":"2025-04-06T21:26:02.910Z","level":"info","message":"Loaded corpus statistics","details":{"termsCount":0,"documentCount":0}}
{"timestamp":"2025-04-06T21:26:02.910Z","level":"info","message":"Hybrid search system initialized","details":{"documentCount":0,"vectorDocumentsCount":3}}
{"timestamp":"2025-04-06T21:27:38.111Z","level":"info","message":"Loaded vector documents","details":{"count":3}}
{"timestamp":"2025-04-06T21:27:38.112Z","level":"info","message":"Loaded corpus statistics","details":{"termsCount":0,"documentCount":0}}
{"timestamp":"2025-04-06T21:27:38.112Z","level":"info","message":"Hybrid search system initialized","details":{"documentCount":0,"vectorDocumentsCount":3}}
{"timestamp":"2025-04-06T21:28:48.246Z","level":"info","message":"Loaded vector documents","details":{"count":3}}
{"timestamp":"2025-04-06T21:28:48.246Z","level":"info","message":"Loaded corpus statistics","details":{"termsCount":0,"documentCount":0}}
{"timestamp":"2025-04-06T21:28:48.247Z","level":"info","message":"Hybrid search system initialized","details":{"documentCount":0,"vectorDocumentsCount":3}}
{"timestamp":"2025-04-06T21:29:44.927Z","level":"info","message":"Loaded vector documents","details":{"count":3}}
{"timestamp":"2025-04-06T21:29:44.928Z","level":"info","message":"Loaded corpus statistics","details":{"termsCount":0,"documentCount":0}}
{"timestamp":"2025-04-06T21:29:44.928Z","level":"info","message":"Hybrid search system initialized","details":{"documentCount":0,"vectorDocumentsCount":3}}
{"timestamp":"2025-04-06T21:31:20.375Z","level":"info","message":"Loaded vector documents","details":{"count":3}}
{"timestamp":"2025-04-06T21:31:20.376Z","level":"info","message":"Loaded corpus statistics","details":{"termsCount":0,"documentCount":0}}
{"timestamp":"2025-04-06T21:31:20.376Z","level":"info","message":"Hybrid search system initialized","details":{"documentCount":0,"vectorDocumentsCount":3}}
{"timestamp":"2025-04-06T21:43:54.692Z","level":"info","message":"Loaded vector documents","details":{"count":3}}
{"timestamp":"2025-04-06T21:43:54.692Z","level":"info","message":"Loaded corpus statistics","details":{"termsCount":0,"documentCount":0}}
{"timestamp":"2025-04-06T21:43:54.693Z","level":"info","message":"Hybrid search system initialized","details":{"documentCount":0,"vectorDocumentsCount":3}}
{"timestamp":"2025-04-06T21:48:46.966Z","level":"info","message":"Loaded vector documents","details":{"count":3}}
{"timestamp":"2025-04-06T21:48:46.966Z","level":"info","message":"Loaded corpus statistics","details":{"termsCount":0,"documentCount":0}}
{"timestamp":"2025-04-06T21:48:46.967Z","level":"info","message":"Hybrid search system initialized","details":{"documentCount":0,"vectorDocumentsCount":3}}
{"timestamp":"2025-04-06T23:00:58.540Z","level":"info","message":"Loaded vector documents","details":{"count":3}}
{"timestamp":"2025-04-06T23:00:58.540Z","level":"info","message":"Loaded corpus statistics","details":{"termsCount":0,"documentCount":0}}
{"timestamp":"2025-04-06T23:00:58.540Z","level":"info","message":"Hybrid search system initialized","details":{"documentCount":0,"vectorDocumentsCount":3}}
